<?xml version="1.0" encoding="utf-8"?><testsuites name="pytest tests"><testsuite name="pytest" errors="0" failures="0" skipped="0" tests="37" time="3.767" timestamp="2026-08-18T16:02:14.322027+00:00" hostname="agent-env-2c2ef80a-7ca8-4233-9522-bd696f32f7bc"><testcase classname="tests.test_marina_iteration9.TestRegression" name="test_login_client" time="0.148" /><testcase classname="tests.test_marina_iteration9.TestOrders" name="test_create_order_ok" time="0.275" /><testcase classname="tests.test_marina_iteration9.TestRegression" name="test_login_admin" time="0.040" /><testcase classname="tests.test_marina_iteration9.TestRegression" name="test_login_staff" time="0.081" /><testcase classname="tests.test_marina_iteration9.TestRegression" name="test_users_list_excludes_admin_staff" time="0.077" /><testcase classname="tests.test_marina_iteration9.TestOrders" name="test_create_order_unknown_cpf" time="0.116" /><testcase classname="tests.test_marina_iteration9.TestRegression" name="test_slots_endpoint" time="0.038" /><testcase classname="tests.test_marina_iteration9.TestRegression" name="test_tides_endpoint" time="1.982" /><testcase classname="tests.test_marina_iteration9.TestOrders" name="test_create_order_no_items" time="0.105" /><testcase classname="tests.test_marina_iteration9.TestOrders" name="test_list_all_orders" time="0.073" /><testcase classname="tests.test_marina_iteration9.TestOrders" name="test_list_orders_by_cpf" time="0.075" /><testcase classname="tests.test_marina_iteration9.TestOrders" name="test_patch_status_entregue" time="0.069" /><testcase classname="tests.test_marina_iteration9.TestOrders" name="test_patch_status_cancelada" time="0.078" /><testcase classname="tests.test_marina_iteration9.TestOrders" name="test_patch_status_invalid" time="0.068" /><testcase classname="tests.test_marina_iteration9.TestOrders" name="test_patch_status_not_found" time="0.079" /><testcase classname="tests.test_marina_iteration9.TestAuthorizations" name="test_create" time="0.072" /><testcase classname="tests.test_marina_iteration9.TestAuthorizations" name="test_create_unknown_cpf" time="0.079" /><testcase classname="tests.test_marina_iteration9.TestAuthorizations" name="test_create_blank_name" time="0.072" /><testcase classname="tests.test_marina_iteration9.TestAuthorizations" name="test_list_all" time="0.072" /><testcase classname="tests.test_marina_iteration9.TestAuthorizations" name="test_list_by_cpf" time="0.073" /><testcase classname="tests.test_marina_iteration9.TestAuthorizations" name="test_cancel" time="0.083" /><testcase classname="tests.test_marina_iteration9.TestAuthorizations" name="test_cancel_not_found" time="0.037" /><testcase classname="tests.test_marina_iteration9.TestEmergencies" name="test_create" time="0.075" /><testcase classname="tests.test_marina_iteration9.TestEmergencies" name="test_create_unknown_cpf" time="0.043" /><testcase classname="tests.test_marina_iteration9.TestEmergencies" name="test_list_all" time="0.040" /><testcase classname="tests.test_marina_iteration9.TestEmergencies" name="test_list_by_cpf" time="0.075" /><testcase classname="tests.test_marina_iteration9.TestEmergencies" name="test_list_by_status" time="0.055" /><testcase classname="tests.test_marina_iteration9.TestEmergencies" name="test_resolve" time="0.047" /><testcase classname="tests.test_marina_iteration9.TestEmergencies" name="test_resolve_not_found" time="0.048" /><testcase classname="tests.test_marina_iteration9.TestRegression" name="test_requests_create_cancel_lifecycle" time="0.222" /><testcase classname="tests.test_marina_iteration9.TestProducts" name="test_list_active" time="0.071" /><testcase classname="tests.test_marina_iteration9.TestProducts" name="test_list_all_includes_inactive" time="0.070" /><testcase classname="tests.test_marina_iteration9.TestProducts" name="test_create_product" time="0.075" /><testcase classname="tests.test_marina_iteration9.TestProducts" name="test_update_toggle_active" time="0.235" /><testcase classname="tests.test_marina_iteration9.TestProducts" name="test_update_name_price" time="0.080" /><testcase classname="tests.test_marina_iteration9.TestProducts" name="test_update_not_found" time="0.076" /><testcase classname="tests.test_marina_iteration9.TestProducts" name="test_delete_product" time="0.145" /></testsuite></testsuites>