<?xml version="1.0" encoding="utf-8"?><testsuites name="pytest tests"><testsuite name="pytest" errors="0" failures="0" skipped="1" tests="19" time="1.880" timestamp="2026-08-19T01:40:28.626580+00:00" hostname="agent-env-2c2ef80a-7ca8-4233-9522-bd696f32f7bc"><testcase classname="tests.test_marina_iteration11.TestSchedulingWindow" name="test_reject_beyond_tomorrow" time="0.697" /><testcase classname="tests.test_marina_iteration11.TestRegression" name="test_login[00000-0000]" time="0.487" /><testcase classname="tests.test_marina_iteration11.TestRegression" name="test_login[55555-0055]" time="0.064" /><testcase classname="tests.test_marina_iteration11.TestRegression" name="test_login[11111-1111]" time="0.066" /><testcase classname="tests.test_marina_iteration11.TestRegression" name="test_products" time="0.066" /><testcase classname="tests.test_marina_iteration11.TestRegression" name="test_today_requests" time="0.065" /><testcase classname="tests.test_marina_iteration11.TestSchedulingWindow" name="test_reject_less_than_1h_today" time="0.000"><skipped type="pytest.skip" message="Outside descida window; cannot deterministically test &lt;1h now.">/app/backend/tests/test_marina_iteration11.py:54: Outside descida window; cannot deterministically test &lt;1h now.</skipped></testcase><testcase classname="tests.test_marina_iteration11.TestSchedulingWindow" name="test_valid_tomorrow" time="0.139" /><testcase classname="tests.test_marina_iteration11.TestRegression" name="test_convenience_orders_list" time="0.027" /><testcase classname="tests.test_marina_iteration11.TestRegression" name="test_emergencies_list" time="0.021" /><testcase classname="tests.test_marina_iteration11.TestReboqueGPS" name="test_quote_via_coords" time="0.065" /><testcase classname="tests.test_marina_iteration11.TestSoftDeleteUser" name="test_users_include_active_flag" time="0.027" /><testcase classname="tests.test_marina_iteration11.TestSoftDeleteUser" name="test_deactivate_login_forbidden" time="0.143" /><testcase classname="tests.test_marina_iteration11.TestReboqueGPS" name="test_post_reboque_with_gps" time="0.131" /><testcase classname="tests.test_marina_iteration11.TestStatements" name="test_send_statement" time="0.066" /><testcase classname="tests.test_marina_iteration11.TestSoftDeleteUser" name="test_reactivate_login_ok" time="0.142" /><testcase classname="tests.test_marina_iteration11.TestStatements" name="test_list_and_read" time="0.127" /><testcase classname="tests.test_marina_iteration11.TestAuthorizationsExtra" name="test_create_with_can_lower_service" time="0.421" /><testcase classname="tests.test_marina_iteration11.TestReportCpfFilter" name="test_consumo_cpf_filter" time="0.063" /></testsuite></testsuites>