<?xml version="1.0" encoding="utf-8"?><testsuites name="pytest tests"><testsuite name="pytest" errors="0" failures="0" skipped="0" tests="13" time="1.531" timestamp="2026-08-18T12:41:50.112050+00:00" hostname="agent-env-2c2ef80a-7ca8-4233-9522-bd696f32f7bc"><testcase classname="tests.test_marina_iteration8.TestLogin" name="test_login_joao_ok" time="0.547" /><testcase classname="tests.test_marina_iteration8.TestRegression" name="test_slots_descida_shape" time="0.556" /><testcase classname="tests.test_marina_iteration8.TestLogin" name="test_login_admin_ok" time="0.039" /><testcase classname="tests.test_marina_iteration8.TestRegression" name="test_tides" time="0.039" /><testcase classname="tests.test_marina_iteration8.TestLogin" name="test_login_staff_ok" time="0.080" /><testcase classname="tests.test_marina_iteration8.TestRegression" name="test_users_excludes_admin_and_staff" time="0.048" /><testcase classname="tests.test_marina_iteration8.TestRegression" name="test_boats_add_remove" time="0.188" /><testcase classname="tests.test_marina_iteration8.TestLogin" name="test_login_wrong_phone_404" time="0.049" /><testcase classname="tests.test_marina_iteration8.TestLogin" name="test_login_missing_phone_400" time="0.037" /><testcase classname="tests.test_marina_iteration8.TestLogin" name="test_login_short_cpf_400" time="0.083" /><testcase classname="tests.test_marina_iteration8.TestReopen" name="test_reopen_flow" time="0.289" /><testcase classname="tests.test_marina_iteration8.TestLogin" name="test_login_missing_phone_field_400" time="0.071" /><testcase classname="tests.test_marina_iteration8.TestReopen" name="test_reopen_unknown_404" time="0.074" /></testsuite></testsuites>