<?xml version="1.0" encoding="utf-8"?><testsuites name="pytest tests"><testsuite name="pytest" errors="0" failures="0" skipped="0" tests="29" time="2.114" timestamp="2026-08-19T00:55:56.159355+00:00" hostname="agent-env-2c2ef80a-7ca8-4233-9522-bd696f32f7bc"><testcase classname="tests.test_marina_iteration10.TestLogin" name="test_admin_login" time="0.096" /><testcase classname="tests.test_marina_iteration10.TestLogin" name="test_client_login" time="0.060" /><testcase classname="tests.test_marina_iteration10.TestLogin" name="test_staff_login" time="0.068" /><testcase classname="tests.test_marina_iteration10.TestLogin" name="test_funcionario_created_via_curl_login" time="0.065" /><testcase classname="tests.test_marina_iteration10.TestLogin" name="test_bad_login" time="0.060" /><testcase classname="tests.test_marina_iteration10.TestStaffSignup" name="test_create_staff_user" time="0.127" /><testcase classname="tests.test_marina_iteration10.TestStaffSignup" name="test_list_users_includes_staff" time="0.067" /><testcase classname="tests.test_marina_iteration10.TestStaffSignup" name="test_list_users_excludes_admin" time="0.066" /><testcase classname="tests.test_marina_iteration10.TestReboqueQuote" name="test_quote_values[24-8-1560.0]" time="0.064" /><testcase classname="tests.test_marina_iteration10.TestReboqueQuote" name="test_quote_values[25-5-1200.0]" time="0.060" /><testcase classname="tests.test_marina_iteration10.TestReboqueQuote" name="test_quote_values[30-10-2700.0]" time="0.062" /><testcase classname="tests.test_marina_iteration10.TestReboqueQuote" name="test_quote_values[35-5-1800.0]" time="0.064" /><testcase classname="tests.test_marina_iteration10.TestReboqueQuote" name="test_quote_values[40-10-3750.0]" time="0.061" /><testcase classname="tests.test_marina_iteration10.TestReboqueQuote" name="test_quote_values[50-5-2500.0]" time="0.061" /><testcase classname="tests.test_marina_iteration10.TestReboqueQuote" name="test_quote_values[22-3-1200.0]" time="0.060" /><testcase classname="tests.test_marina_iteration10.TestReboqueCreate" name="test_create_reboque_uses_client_boat_length" time="0.048" /><testcase classname="tests.test_marina_iteration10.TestReboqueCreate" name="test_reboque_shows_in_emergencies_list" time="0.029" /><testcase classname="tests.test_marina_iteration10.TestBilling" name="test_bill_a_reboque" time="0.086" /><testcase classname="tests.test_marina_iteration10.TestBilling" name="test_bill_unknown_emergency_returns_404" time="0.083" /><testcase classname="tests.test_marina_iteration10.TestConsumoReport" name="test_seed_data_for_report" time="0.064" /><testcase classname="tests.test_marina_iteration10.TestConsumoReport" name="test_current_month_report" time="0.066" /><testcase classname="tests.test_marina_iteration10.TestConsumoReport" name="test_report_defaults_to_current_month" time="0.063" /><testcase classname="tests.test_marina_iteration10.TestConsumoReport" name="test_past_month_empty" time="0.063" /><testcase classname="tests.test_marina_iteration10.TestConsumoReport" name="test_cleanup_convenience_order" time="0.070" /><testcase classname="tests.test_marina_iteration10.TestRegression" name="test_products_list" time="0.061" /><testcase classname="tests.test_marina_iteration10.TestRegression" name="test_convenience_orders_list" time="0.022" /><testcase classname="tests.test_marina_iteration10.TestRegression" name="test_emergencies_list" time="0.023" /><testcase classname="tests.test_marina_iteration10.TestRegression" name="test_authorizations_flow" time="0.191" /><testcase classname="tests.test_marina_iteration10.TestRegression" name="test_requests_lifecycle" time="0.146" /></testsuite></testsuites>