<?xml version="1.0" encoding="utf-8"?><testsuites name="pytest tests"><testsuite name="pytest" errors="0" failures="0" skipped="0" tests="14" time="1.517" timestamp="2026-08-19T06:14:52.730959+00:00" hostname="agent-env-2c2ef80a-7ca8-4233-9522-bd696f32f7bc"><testcase classname="tests.test_marina_iteration13.TestNotificationsOnComplete" name="test_complete_descida_creates_notification" time="0.399" /><testcase classname="tests.test_marina_iteration13.TestAuthorizationsValidity" name="test_data_unica_requires_date" time="0.158" /><testcase classname="tests.test_marina_iteration13.TestAuthorizationsValidity" name="test_data_unica_success" time="0.064" /><testcase classname="tests.test_marina_iteration13.TestAuthorizationsValidity" name="test_periodo_requires_both_dates" time="0.133" /><testcase classname="tests.test_marina_iteration13.TestAuthorizationsValidity" name="test_periodo_end_before_start" time="0.120" /><testcase classname="tests.test_marina_iteration13.TestNotificationsOnComplete" name="test_read_all_notifications" time="0.256" /><testcase classname="tests.test_marina_iteration13.TestAuthorizationsValidity" name="test_periodo_success" time="0.082" /><testcase classname="tests.test_marina_iteration13.TestAuthorizationsValidity" name="test_recorrente_no_dates" time="0.067" /><testcase classname="tests.test_marina_iteration13.TestAuthorizationsValidity" name="test_list_returns_new_fields" time="0.088" /><testcase classname="tests.test_marina_iteration13.TestNotificationsOnComplete" name="test_complete_subida_creates_notification" time="0.166" /><testcase classname="tests.test_marina_iteration13.TestAuthorizationsValidity" name="test_cancel_authorization" time="0.130" /><testcase classname="tests.test_marina_iteration13.TestBookingWindow" name="test_reject_past_date" time="0.078" /><testcase classname="tests.test_marina_iteration13.TestBookingWindow" name="test_reject_day_after_tomorrow" time="0.066" /><testcase classname="tests.test_marina_iteration13.TestBookingWindow" name="test_tomorrow_allowed" time="0.183" /></testsuite></testsuites>