<?xml version="1.0" encoding="utf-8"?><testsuites name="pytest tests"><testsuite name="pytest" errors="0" failures="0" skipped="0" tests="8" time="1.199" timestamp="2026-08-19T06:32:40.050485+00:00" hostname="agent-env-2c2ef80a-7ca8-4233-9522-bd696f32f7bc"><testcase classname="tests.test_marina_iteration14.TestConvenienceOrders" name="test_list_products_ok" time="0.490" /><testcase classname="tests.test_marina_iteration14.TestDayRequests" name="test_day_requests_returns_list" time="0.490" /><testcase classname="tests.test_marina_iteration14.TestConvenienceOrders" name="test_create_order_and_todays_orders_present" time="0.291" /><testcase classname="tests.test_marina_iteration14.TestDayRequests" name="test_day_requests_filter_descida" time="0.030" /><testcase classname="tests.test_marina_iteration14.TestDayRequests" name="test_day_requests_filter_subida" time="0.032" /><testcase classname="tests.test_marina_iteration14.TestAuthorizationsList" name="test_list_authorizations_ok" time="0.030" /><testcase classname="tests.test_marina_iteration14.TestReboqueQuote" name="test_quote_with_coords" time="0.029" /><testcase classname="tests.test_marina_iteration14.TestReboqueQuote" name="test_quote_missing_params" time="0.026" /></testsuite></testsuites>