<?xml version="1.0" encoding="utf-8"?><testsuites name="pytest tests"><testsuite name="pytest" errors="0" failures="0" skipped="0" tests="10" time="0.913" timestamp="2026-08-18T11:02:10.824550+00:00" hostname="agent-env-2c2ef80a-7ca8-4233-9522-bd696f32f7bc"><testcase classname="tests.test_marina_iteration7.TestLoginPrefix" name="test_login_staff_prefix" time="0.156" /><testcase classname="tests.test_marina_iteration7.TestLoginPrefix" name="test_login_admin_prefix" time="0.036" /><testcase classname="tests.test_marina_iteration7.TestLoginPrefix" name="test_login_client_prefix" time="0.084" /><testcase classname="tests.test_marina_iteration7.TestLoginPrefix" name="test_login_short_cpf_rejected" time="0.042" /><testcase classname="tests.test_marina_iteration7.TestLoginPrefix" name="test_login_not_found" time="0.078" /><testcase classname="tests.test_marina_iteration7.TestUsersExclusion" name="test_users_excludes_admin_and_staff" time="0.085" /><testcase classname="tests.test_marina_iteration7.TestUsersExclusion" name="test_user_boats_are_objects_with_length" time="0.042" /><testcase classname="tests.test_marina_iteration7.TestComplete" name="test_complete_lifecycle" time="0.242" /><testcase classname="tests.test_marina_iteration7.TestComplete" name="test_complete_missing_returns_404" time="0.045" /><testcase classname="tests.test_marina_iteration7.TestTides" name="test_tides_today_returns_points" time="0.046" /></testsuite></testsuites>