<?xml version="1.0" encoding="utf-8"?><testsuites name="pytest tests"><testsuite name="pytest" errors="0" failures="0" skipped="0" tests="19" time="2.990" timestamp="2026-08-18T22:00:58.401194+00:00" hostname="agent-env-2c2ef80a-7ca8-4233-9522-bd696f32f7bc"><testcase classname="tests.test_marina_iteration92.TestProductsCategory" name="test_create_product_with_valid_category" time="0.654" /><testcase classname="tests.test_marina_iteration92.TestRegression" name="test_login_client" time="0.682" /><testcase classname="tests.test_marina_iteration92.TestProductsCategory" name="test_create_product_invalid_category_defaults_to_outros" time="0.061" /><testcase classname="tests.test_marina_iteration92.TestRegression" name="test_login_admin" time="0.062" /><testcase classname="tests.test_marina_iteration92.TestProductsCategory" name="test_update_product_category" time="0.121" /><testcase classname="tests.test_marina_iteration92.TestRegression" name="test_login_staff" time="0.062" /><testcase classname="tests.test_marina_iteration92.TestRegression" name="test_requests_create_and_delete" time="0.183" /><testcase classname="tests.test_marina_iteration92.TestProductsCategory" name="test_list_products_returns_category_and_image_url" time="0.022" /><testcase classname="tests.test_marina_iteration92.TestProductsCategory" name="test_cleanup_products" time="0.303" /><testcase classname="tests.test_marina_iteration92.TestRegression" name="test_convenience_order_full_cycle" time="0.206" /><testcase classname="tests.test_marina_iteration92.TestAuthorizationCheckin" name="test_create_authorization_today_has_entered_at_null" time="0.061" /><testcase classname="tests.test_marina_iteration92.TestRegression" name="test_convenience_out_of_stock_returns_400" time="0.244" /><testcase classname="tests.test_marina_iteration92.TestAuthorizationCheckin" name="test_checkin_sets_entered_at" time="0.062" /><testcase classname="tests.test_marina_iteration92.TestAuthorizationCheckin" name="test_list_includes_entered_at" time="0.022" /><testcase classname="tests.test_marina_iteration92.TestAuthorizationCheckin" name="test_checkin_not_found" time="0.061" /><testcase classname="tests.test_marina_iteration92.TestAuthorizationCheckin" name="test_cleanup" time="0.067" /><testcase classname="tests.test_marina_iteration92.TestRegression" name="test_emergency_lifecycle" time="0.143" /><testcase classname="tests.test_marina_iteration92.TestProductImageUpload" name="test_upload_and_serve" time="1.019" /><testcase classname="tests.test_marina_iteration92.TestProductImageUpload" name="test_cleanup" time="0.062" /></testsuite></testsuites>