<?xml version="1.0" encoding="utf-8"?><testsuites name="pytest tests"><testsuite name="pytest" errors="0" failures="0" skipped="0" tests="9" time="1.681" timestamp="2026-08-19T10:58:46.995441+00:00" hostname="agent-env-2c2ef80a-7ca8-4233-9522-bd696f32f7bc"><testcase classname="tests.test_marina_iteration20.TestQuiosqueExitPin" name="test_correct_pin_returns_admin" time="0.513" /><testcase classname="tests.test_marina_iteration20.TestQuiosqueExitPin" name="test_wrong_pin_rejected" time="0.028" /><testcase classname="tests.test_marina_iteration20.TestHealth" name="test_root" time="0.064" /><testcase classname="tests.test_marina_iteration20.TestConvenienceOrderStatus" name="test_full_flow" time="0.931" /><testcase classname="tests.test_marina_iteration20.TestWeeklyReport" name="test_weekly_shape" time="0.073" /><testcase classname="tests.test_marina_iteration20.TestOrdersListingHasFields" name="test_admin_list_carries_status_and_delivery" time="0.039" /><testcase classname="tests.test_marina_iteration20.TestConvenienceOrderStatus" name="test_cancel_status" time="0.145" /><testcase classname="tests.test_marina_iteration20.TestConvenienceOrderStatus" name="test_invalid_status_rejected" time="0.149" /><testcase classname="tests.test_marina_iteration20.TestConvenienceOrderStatus" name="test_status_not_found" time="0.076" /></testsuite></testsuites>