<?xml version="1.0" encoding="utf-8"?><testsuites name="pytest tests"><testsuite name="pytest" errors="0" failures="0" skipped="0" tests="8" time="0.743" timestamp="2026-08-19T07:15:00.607040+00:00" hostname="agent-env-2c2ef80a-7ca8-4233-9522-bd696f32f7bc"><testcase classname="tests.test_marina_iteration19.TestLogin" name="test_admin_login" time="0.192" /><testcase classname="tests.test_marina_iteration19.TestConvenienceDelivery" name="test_create_order_delivery_lancha" time="0.201" /><testcase classname="tests.test_marina_iteration19.TestLogin" name="test_client_login" time="0.043" /><testcase classname="tests.test_marina_iteration19.TestConvenienceDelivery" name="test_create_order_delivery_balcao_default" time="0.070" /><testcase classname="tests.test_marina_iteration19.TestHealth" name="test_root" time="0.085" /><testcase classname="tests.test_marina_iteration19.TestConvenienceDelivery" name="test_create_order_delivery_balcao_explicit" time="0.033" /><testcase classname="tests.test_marina_iteration19.TestConvenienceDelivery" name="test_create_order_invalid_delivery_falls_back" time="0.067" /><testcase classname="tests.test_marina_iteration19.TestConvenienceDelivery" name="test_list_orders_admin_shows_delivery" time="0.027" /></testsuite></testsuites>