<?xml version="1.0" encoding="utf-8"?><testsuites name="pytest tests"><testsuite name="pytest" errors="0" failures="0" skipped="0" tests="21" time="1.509" timestamp="2026-08-19T05:45:51.368579+00:00" hostname="agent-env-2c2ef80a-7ca8-4233-9522-bd696f32f7bc"><testcase classname="tests.test_marina_iteration12.TestReboque" name="test_quote_marina_coords" time="0.352" /><testcase classname="tests.test_marina_iteration12.TestEmergencies" name="test_create_socorro" time="0.304" /><testcase classname="tests.test_marina_iteration12.TestEmergencies" name="test_list_has_emergency" time="0.026" /><testcase classname="tests.test_marina_iteration12.TestEmergencies" name="test_cancel_emergency" time="0.069" /><testcase classname="tests.test_marina_iteration12.TestReboque" name="test_quote_distance_only" time="0.024" /><testcase classname="tests.test_marina_iteration12.TestReboque" name="test_quote_no_input_400" time="0.073" /><testcase classname="tests.test_marina_iteration12.TestEmergencies" name="test_cancel_unknown_404" time="0.028" /><testcase classname="tests.test_marina_iteration12.TestEmergencies" name="test_resolve_new" time="0.094" /><testcase classname="tests.test_marina_iteration12.TestReboque" name="test_create_reboque" time="0.171" /><testcase classname="tests.test_marina_iteration12.TestStatements" name="test_send_statement" time="0.071" /><testcase classname="tests.test_marina_iteration12.TestStatements" name="test_list_statement_unread" time="0.065" /><testcase classname="tests.test_marina_iteration12.TestLogin" name="test_admin" time="0.068" /><testcase classname="tests.test_marina_iteration12.TestStatements" name="test_read_statement" time="0.138" /><testcase classname="tests.test_marina_iteration12.TestLogin" name="test_staff" time="0.074" /><testcase classname="tests.test_marina_iteration12.TestLogin" name="test_client_joao" time="0.066" /><testcase classname="tests.test_marina_iteration12.TestConvenience" name="test_create_order" time="0.137" /><testcase classname="tests.test_marina_iteration12.TestRequestsWindow" name="test_beyond_tomorrow_rejected" time="0.065" /><testcase classname="tests.test_marina_iteration12.TestRequestsWindow" name="test_less_than_1h_rejected" time="0.064" /><testcase classname="tests.test_marina_iteration12.TestConvenience" name="test_list_orders" time="0.023" /><testcase classname="tests.test_marina_iteration12.TestAuthorizations" name="test_create_and_checkin" time="0.230" /><testcase classname="tests.test_marina_iteration12.TestConsumo" name="test_consumo" time="0.065" /></testsuite></testsuites>