<?xml version="1.0" encoding="utf-8"?><testsuites name="pytest tests"><testsuite name="pytest" errors="0" failures="0" skipped="0" tests="14" time="2.310" timestamp="2026-08-18T03:31:28.929191+00:00" hostname="agent-env-2c2ef80a-7ca8-4233-9522-bd696f32f7bc"><testcase classname="tests.test_marina_iteration6" name="test_list_users_returns_boat_objects" time="0.313" /><testcase classname="tests.test_marina_iteration6" name="test_create_client_invalid_cpf" time="0.065" /><testcase classname="tests.test_marina_iteration6" name="test_create_client_and_duplicate" time="0.135" /><testcase classname="tests.test_marina_iteration6" name="test_add_boat_persistence" time="0.137" /><testcase classname="tests.test_marina_iteration6" name="test_add_boat_duplicate" time="0.066" /><testcase classname="tests.test_marina_iteration6" name="test_remove_boat" time="0.065" /><testcase classname="tests.test_marina_iteration6" name="test_add_boat_missing_cpf" time="0.064" /><testcase classname="tests.test_marina_iteration6" name="test_complete_request_sets_concluida" time="0.307" /><testcase classname="tests.test_marina_iteration6" name="test_complete_request_not_found" time="0.069" /><testcase classname="tests.test_marina_iteration6" name="test_login_client_and_admin" time="0.137" /><testcase classname="tests.test_marina_iteration6" name="test_tides_endpoint" time="0.068" /><testcase classname="tests.test_marina_iteration6" name="test_boat_name_saved_from_selection" time="0.162" /><testcase classname="tests.test_marina_iteration6" name="test_half_hour_and_capacity_still_works" time="0.523" /><testcase classname="tests.test_marina_iteration6" name="test_zz_cleanup_test_client" time="0.129" /></testsuite></testsuites>