<?xml version="1.0" encoding="utf-8"?><testsuites name="pytest tests"><testsuite name="pytest" errors="0" failures="1" skipped="0" tests="8" time="1.290" timestamp="2026-08-19T06:41:43.634012+00:00" hostname="agent-env-2c2ef80a-7ca8-4233-9522-bd696f32f7bc"><testcase classname="tests.test_marina_iteration17.TestEmergencySocorro" name="test_create_socorro_success" time="0.295" /><testcase classname="tests.test_marina_iteration17.TestReboque" name="test_reboque_quote_by_coords" time="0.291" /><testcase classname="tests.test_marina_iteration17.TestReboque" name="test_reboque_quote_requires_coords_or_distance" time="0.070" /><testcase classname="tests.test_marina_iteration17.TestEmergencySocorro" name="test_create_socorro_invalid_cpf" time="0.268"><failure message="assert 200 == 404&#10; +  where 200 = &lt;Response [200]&gt;.status_code">backend/tests/test_marina_iteration17.py:65: in test_create_socorro_invalid_cpf
    assert r.status_code == 404
E   assert 200 == 404
E    +  where 200 = &lt;Response [200]&gt;.status_code</failure></testcase><testcase classname="tests.test_marina_iteration17.TestReboque" name="test_create_reboque_with_coords" time="0.527" /><testcase classname="tests.test_marina_iteration17.TestEmergencySocorro" name="test_list_emergencies_contains_created" time="0.093" /><testcase classname="tests.test_marina_iteration17.TestLogin" name="test_login_joao" time="0.072" /><testcase classname="tests.test_marina_iteration17.TestReboque" name="test_create_reboque_missing_coords_and_distance" time="0.060" /></testsuite></testsuites>