<?xml version="1.0" encoding="utf-8"?><testsuites name="pytest tests"><testsuite name="pytest" errors="0" failures="1" skipped="0" tests="14" time="1.541" timestamp="2026-08-18T21:04:48.317343+00:00" hostname="agent-env-2c2ef80a-7ca8-4233-9522-bd696f32f7bc"><testcase classname="tests.test_marina_iteration91.TestStock" name="test_seeded_products_expose_in_stock" time="0.466"><failure message="AssertionError: in_stock missing on {'id': 'seed-cerveja', 'active': True, 'name': 'Cerveja (lata)', 'price': 8.0}&#10;assert 'in_stock' in {'id': 'seed-cerveja', 'active': True, 'name': 'Cerveja (lata)', 'price': 8.0}">backend/tests/test_marina_iteration91.py:35: in test_seeded_products_expose_in_stock
    assert "in_stock" in p, f"in_stock missing on {p}"
E   AssertionError: in_stock missing on {'id': 'seed-cerveja', 'active': True, 'name': 'Cerveja (lata)', 'price': 8.0}
E   assert 'in_stock' in {'id': 'seed-cerveja', 'active': True, 'name': 'Cerveja (lata)', 'price': 8.0}</failure></testcase><testcase classname="tests.test_marina_iteration91.TestRegression" name="test_login_client" time="0.465" /><testcase classname="tests.test_marina_iteration91.TestRegression" name="test_login_admin" time="0.063" /><testcase classname="tests.test_marina_iteration91.TestStock" name="test_create_and_toggle_out_of_stock" time="0.141" /><testcase classname="tests.test_marina_iteration91.TestRegression" name="test_login_staff" time="0.066" /><testcase classname="tests.test_marina_iteration91.TestRegression" name="test_requests_lifecycle" time="0.186" /><testcase classname="tests.test_marina_iteration91.TestStock" name="test_order_rejected_when_out_of_stock" time="0.063" /><testcase classname="tests.test_marina_iteration91.TestStock" name="test_order_rejected_when_inactive" time="0.182" /><testcase classname="tests.test_marina_iteration91.TestRegression" name="test_convenience_list" time="0.027" /><testcase classname="tests.test_marina_iteration91.TestRegression" name="test_authorization_today_lifecycle" time="0.188" /><testcase classname="tests.test_marina_iteration91.TestStock" name="test_all_flag_includes_inactive" time="0.120" /><testcase classname="tests.test_marina_iteration91.TestStock" name="test_restore_and_order_ok" time="0.121" /><testcase classname="tests.test_marina_iteration91.TestRegression" name="test_emergencies_open_available" time="0.122" /><testcase classname="tests.test_marina_iteration91.TestStock" name="test_cleanup" time="0.061" /></testsuite></testsuites>