<?xml version="1.0" encoding="utf-8"?><testsuites name="pytest tests"><testsuite name="pytest" errors="0" failures="2" skipped="0" tests="16" time="4.028" timestamp="2026-08-18T03:07:49.155196+00:00" hostname="agent-env-2c2ef80a-7ca8-4233-9522-bd696f32f7bc"><testcase classname="tests.test_marina_iteration5.TestHalfHour" name="test_reject_non_half_hour" time="0.278" /><testcase classname="tests.test_marina_iteration5.TestCapacity" name="test_descida_capacity_409_with_suggestion" time="0.889" /><testcase classname="tests.test_marina_iteration5.TestHalfHour" name="test_reject_15" time="0.065" /><testcase classname="tests.test_marina_iteration5.TestHalfHour" name="test_accept_hh_00" time="0.138" /><testcase classname="tests.test_marina_iteration5.TestHalfHour" name="test_accept_hh_30" time="0.132" /><testcase classname="tests.test_marina_iteration5.TestSlots" name="test_slots_descida_shape" time="0.074" /><testcase classname="tests.test_marina_iteration5.TestSlots" name="test_slots_subida_1730_unlimited" time="0.040" /><testcase classname="tests.test_marina_iteration5.TestSlots" name="test_slots_reflects_bookings" time="0.414" /><testcase classname="tests.test_marina_iteration5.TestCapacity" name="test_subida_1730_unlimited" time="0.499" /><testcase classname="tests.test_marina_iteration5.TestTides" name="test_get_tides_returns_points" time="0.068" /><testcase classname="tests.test_marina_iteration5.TestTides" name="test_get_tides_cached_second_call" time="0.118" /><testcase classname="tests.test_marina_iteration5.TestRegression" name="test_login_admin" time="0.064" /><testcase classname="tests.test_marina_iteration5.TestCapacity" name="test_subida_non_1730_still_limited" time="0.149"><failure message="assert 409 == 200&#10; +  where 409 = &lt;Response [409]&gt;.status_code">backend/tests/test_marina_iteration5.py:147: in test_subida_non_1730_still_limited
    assert r.status_code == 200
E   assert 409 == 200
E    +  where 409 = &lt;Response [409]&gt;.status_code</failure></testcase><testcase classname="tests.test_marina_iteration5.TestRegression" name="test_login_client" time="2.331" /><testcase classname="tests.test_marina_iteration5.TestTidePersistence" name="test_create_stores_tide_height" time="0.115" /><testcase classname="tests.test_marina_iteration5.TestTidePersistence" name="test_update_stores_tide_height" time="1.700"><failure message="assert 0.3 == 0.85">backend/tests/test_marina_iteration5.py:111: in test_update_stores_tide_height
    assert got["tide_height"] == 0.85
E   assert 0.3 == 0.85</failure></testcase></testsuite></testsuites>