<?xml version="1.0" encoding="utf-8"?><testsuites name="pytest tests"><testsuite name="pytest" errors="0" failures="0" skipped="0" tests="10" time="1.176" timestamp="2026-08-18T02:07:37.063464+00:00" hostname="agent-env-2c2ef80a-7ca8-4233-9522-bd696f32f7bc"><testcase classname="tests.test_marina_iteration4.TestDescidaBoatSelection" name="test_descida_with_selected_boat" time="0.360" /><testcase classname="tests.test_marina_iteration4.TestLoginBoats" name="test_maria_three_boats" time="0.499" /><testcase classname="tests.test_marina_iteration4.TestDescidaBoatSelection" name="test_descida_defaults_to_user_boat" time="0.078" /><testcase classname="tests.test_marina_iteration4.TestSubidaBoatObservation" name="test_subida_with_boat_and_observation" time="0.146" /><testcase classname="tests.test_marina_iteration4.TestLoginBoats" name="test_carlos_two_boats" time="0.081" /><testcase classname="tests.test_marina_iteration4.TestLoginBoats" name="test_joao_one_boat" time="0.100" /><testcase classname="tests.test_marina_iteration4.TestSubidaBoatObservation" name="test_subida_update_boat_and_observation" time="0.127" /><testcase classname="tests.test_marina_iteration4.TestLoginBoats" name="test_admin_no_regular_boats" time="0.107" /><testcase classname="tests.test_marina_iteration4.TestBoatInLists" name="test_history_contains_boat_name" time="0.100" /><testcase classname="tests.test_marina_iteration4.TestBoatInLists" name="test_day_contains_boat_name" time="0.056" /></testsuite></testsuites>