<?xml version="1.0" encoding="utf-8"?><testsuites name="pytest tests"><testsuite name="pytest" errors="0" failures="0" skipped="0" tests="10" time="1.776" timestamp="2026-08-19T06:51:36.541330+00:00" hostname="agent-env-2c2ef80a-7ca8-4233-9522-bd696f32f7bc"><testcase classname="tests.test_marina_iteration18.TestListUsers" name="test_list_users_returns_non_admin_only" time="0.506" /><testcase classname="tests.test_marina_iteration18.TestCreateClient" name="test_create_client_persists_and_is_staff_false" time="0.529" /><testcase classname="tests.test_marina_iteration18.TestListUsers" name="test_list_users_staff_flag" time="0.035" /><testcase classname="tests.test_marina_iteration18.TestCreateClient" name="test_create_staff_with_is_staff_true" time="0.086" /><testcase classname="tests.test_marina_iteration18.TestBoats" name="test_add_and_remove_boat" time="0.317" /><testcase classname="tests.test_marina_iteration18.TestCreateClient" name="test_create_duplicate_cpf_returns_409" time="0.064" /><testcase classname="tests.test_marina_iteration18.TestCreateClient" name="test_create_invalid_cpf_returns_400" time="0.209" /><testcase classname="tests.test_marina_iteration18.TestBoats" name="test_add_boat_unknown_cpf_returns_404" time="0.076" /><testcase classname="tests.test_marina_iteration18.TestActive" name="test_deactivate_and_reactivate" time="0.229" /><testcase classname="tests.test_marina_iteration18.TestActive" name="test_active_unknown_cpf_returns_404" time="0.273" /></testsuite></testsuites>