<?xml version="1.0" encoding="utf-8"?><testsuites name="pytest tests"><testsuite name="pytest" errors="0" failures="0" skipped="0" tests="35" time="2.158" timestamp="2026-08-18T02:07:46.090649+00:00" hostname="agent-env-2c2ef80a-7ca8-4233-9522-bd696f32f7bc"><testcase classname="tests.test_marina_api.TestUpdateAndList" name="test_update_descida" time="0.215" /><testcase classname="tests.test_marina_api.TestLogin" name="test_login_valid_cpf" time="0.123" /><testcase classname="tests.test_marina_api.TestLogin" name="test_login_formatted_cpf" time="0.092" /><testcase classname="tests.test_marina_api.TestUpdateAndList" name="test_today_descida" time="0.060" /><testcase classname="tests.test_marina_api.TestLogin" name="test_login_unregistered_cpf_returns_404" time="0.118" /><testcase classname="tests.test_marina_api.TestUpdateAndList" name="test_today_subida" time="0.060" /><testcase classname="tests.test_marina_api.TestLogin" name="test_login_invalid_cpf_returns_400" time="0.063" /><testcase classname="tests.test_marina_api.TestUpdateAndList" name="test_get_request_not_found" time="0.106" /><testcase classname="tests.test_marina_iteration4.TestLoginBoats" name="test_maria_three_boats" time="0.109" /><testcase classname="tests.test_marina_new_features.TestDayRequests" name="test_day_default_today" time="0.092" /><testcase classname="tests.test_marina_iteration4.TestLoginBoats" name="test_carlos_two_boats" time="0.062" /><testcase classname="tests.test_marina_new_features.TestDayRequests" name="test_day_specific_date" time="0.077" /><testcase classname="tests.test_marina_iteration4.TestLoginBoats" name="test_joao_one_boat" time="0.101" /><testcase classname="tests.test_marina_new_features.TestDayRequests" name="test_day_filter_by_type" time="0.082" /><testcase classname="tests.test_marina_iteration4.TestLoginBoats" name="test_admin_no_regular_boats" time="0.065" /><testcase classname="tests.test_marina_new_features.TestDayRequests" name="test_day_past_date_empty_or_valid" time="0.091" /><testcase classname="tests.test_marina_api.TestDescidaRequests" name="test_create_descida_valid" time="0.184" /><testcase classname="tests.test_marina_api.TestSubidaRequests" name="test_create_subida_valid" time="0.074" /><testcase classname="tests.test_marina_api.TestSubidaRequests" name="test_subida_time_out_of_range_returns_400" time="0.063" /><testcase classname="tests.test_marina_api.TestDescidaRequests" name="test_descida_time_out_of_range_returns_400" time="0.065" /><testcase classname="tests.test_marina_iteration4.TestDescidaBoatSelection" name="test_descida_with_selected_boat" time="0.139" /><testcase classname="tests.test_marina_api.TestDescidaRequests" name="test_descida_missing_required_returns_400" time="0.100" /><testcase classname="tests.test_marina_iteration4.TestDescidaBoatSelection" name="test_descida_defaults_to_user_boat" time="0.102" /><testcase classname="tests.test_marina_iteration4.TestSubidaBoatObservation" name="test_subida_with_boat_and_observation" time="0.146" /><testcase classname="tests.test_marina_iteration4.TestBoatInLists" name="test_history_contains_boat_name" time="0.085" /><testcase classname="tests.test_marina_iteration4.TestSubidaBoatObservation" name="test_subida_update_boat_and_observation" time="0.168" /><testcase classname="tests.test_marina_iteration4.TestBoatInLists" name="test_day_contains_boat_name" time="0.064" /><testcase classname="tests.test_marina_new_features.TestCancel" name="test_cancel_marks_cancelada" time="0.165" /><testcase classname="tests.test_marina_new_features.TestAdminLogin" name="test_admin_login_flag" time="0.101" /><testcase classname="tests.test_marina_new_features.TestCancel" name="test_cancel_not_found" time="0.065" /><testcase classname="tests.test_marina_new_features.TestAdminLogin" name="test_regular_login_not_admin" time="0.063" /><testcase classname="tests.test_marina_new_features.TestConfirmReturn" name="test_confirm_return_marks_concluida" time="0.230" /><testcase classname="tests.test_marina_new_features.TestHistory" name="test_history_returns_user_requests" time="0.091" /><testcase classname="tests.test_marina_new_features.TestHistory" name="test_history_formatted_cpf" time="0.063" /><testcase classname="tests.test_marina_new_features.TestConfirmReturn" name="test_confirm_return_not_found" time="0.060" /></testsuite></testsuites>