<?xml version="1.0" encoding="utf-8"?><testsuites name="pytest tests"><testsuite name="pytest" errors="0" failures="0" skipped="0" tests="25" time="2.064" timestamp="2026-08-18T01:53:08.196137+00:00" hostname="agent-env-2c2ef80a-7ca8-4233-9522-bd696f32f7bc"><testcase classname="tests.test_marina_api.TestLogin" name="test_login_valid_cpf" time="0.538" /><testcase classname="tests.test_marina_api.TestUpdateAndList" name="test_update_descida" time="0.635" /><testcase classname="tests.test_marina_api.TestLogin" name="test_login_formatted_cpf" time="0.122" /><testcase classname="tests.test_marina_api.TestUpdateAndList" name="test_today_descida" time="0.059" /><testcase classname="tests.test_marina_api.TestLogin" name="test_login_unregistered_cpf_returns_404" time="0.096" /><testcase classname="tests.test_marina_api.TestUpdateAndList" name="test_today_subida" time="0.087" /><testcase classname="tests.test_marina_api.TestLogin" name="test_login_invalid_cpf_returns_400" time="0.113" /><testcase classname="tests.test_marina_api.TestUpdateAndList" name="test_get_request_not_found" time="0.077" /><testcase classname="tests.test_marina_api.TestDescidaRequests" name="test_create_descida_valid" time="0.133" /><testcase classname="tests.test_marina_new_features.TestDayRequests" name="test_day_default_today" time="0.096" /><testcase classname="tests.test_marina_new_features.TestDayRequests" name="test_day_specific_date" time="0.077" /><testcase classname="tests.test_marina_api.TestDescidaRequests" name="test_descida_time_out_of_range_returns_400" time="0.085" /><testcase classname="tests.test_marina_new_features.TestDayRequests" name="test_day_filter_by_type" time="0.060" /><testcase classname="tests.test_marina_api.TestDescidaRequests" name="test_descida_missing_required_returns_400" time="0.078" /><testcase classname="tests.test_marina_new_features.TestDayRequests" name="test_day_past_date_empty_or_valid" time="0.101" /><testcase classname="tests.test_marina_api.TestSubidaRequests" name="test_create_subida_valid" time="0.066" /><testcase classname="tests.test_marina_new_features.TestAdminLogin" name="test_admin_login_flag" time="0.061" /><testcase classname="tests.test_marina_api.TestSubidaRequests" name="test_subida_time_out_of_range_returns_400" time="0.120" /><testcase classname="tests.test_marina_new_features.TestAdminLogin" name="test_regular_login_not_admin" time="0.064" /><testcase classname="tests.test_marina_new_features.TestConfirmReturn" name="test_confirm_return_marks_concluida" time="0.191" /><testcase classname="tests.test_marina_new_features.TestCancel" name="test_cancel_marks_cancelada" time="0.226" /><testcase classname="tests.test_marina_new_features.TestConfirmReturn" name="test_confirm_return_not_found" time="0.062" /><testcase classname="tests.test_marina_new_features.TestCancel" name="test_cancel_not_found" time="0.061" /><testcase classname="tests.test_marina_new_features.TestHistory" name="test_history_returns_user_requests" time="0.102" /><testcase classname="tests.test_marina_new_features.TestHistory" name="test_history_formatted_cpf" time="0.063" /></testsuite></testsuites>